<?xml version="1.0" encoding="UTF-8"?>
<!-- Generated by org.testng.reporters.JUnitReportReporter -->
<testsuite ignored="0" hostname="Nonnas-MBP.domain" failures="0" tests="1" name="positiveTC.Footer" time="30.843" errors="0" timestamp="14 Aug 2018 19:34:06 GMT" skipped="0">
  <testcase classname="positiveTC.Footer" name="footer" time="30.843"/>
</testsuite> <!-- positiveTC.Footer -->
