<?xml version="1.0" encoding="UTF-8"?>
<!-- Generated by org.testng.reporters.JUnitReportReporter -->
<testsuite ignored="0" hostname="Nonnas-MBP.domain" failures="0" tests="1" name="positiveTC.FlightOnlyMultiCity" time="20.440" errors="0" timestamp="14 Aug 2018 19:34:06 GMT" skipped="0">
  <testcase classname="positiveTC.FlightOnlyMultiCity" name="multyCity" time="20.440"/>
</testsuite> <!-- positiveTC.FlightOnlyMultiCity -->
