<?xml version="1.0" encoding="UTF-8"?>
<!-- Generated by org.testng.reporters.JUnitReportReporter -->
<testsuite ignored="0" hostname="Nonnas-MBP.domain" failures="0" tests="1" name="positiveTC.ThingsToDo" time="7.135" errors="0" timestamp="14 Aug 2018 19:34:06 GMT" skipped="0">
  <testcase classname="positiveTC.ThingsToDo" name="thingsToDo" time="7.135"/>
</testsuite> <!-- positiveTC.ThingsToDo -->
