<?xml version="1.0" encoding="UTF-8"?>
<!-- Generated by org.testng.reporters.JUnitReportReporter -->
<testsuite ignored="0" hostname="Nonnas-MBP.domain" failures="0" tests="1" name="positiveTC.FlightOnlyOneWay" time="10.414" errors="0" timestamp="14 Aug 2018 19:34:06 GMT" skipped="0">
  <testcase classname="positiveTC.FlightOnlyOneWay" name="flightOneWay" time="10.414"/>
</testsuite> <!-- positiveTC.FlightOnlyOneWay -->
