<?xml version="1.0" encoding="UTF-8"?>
<!-- Generated by org.testng.reporters.JUnitReportReporter -->
<testsuite ignored="0" hostname="Nonnas-MBP.domain" failures="0" tests="1" name="positiveTC.FlightHotel" time="19.055" errors="0" timestamp="14 Aug 2018 19:34:06 GMT" skipped="0">
  <testcase classname="positiveTC.FlightHotel" name="flightHotel" time="19.055"/>
</testsuite> <!-- positiveTC.FlightHotel -->
