<?xml version="1.0" encoding="UTF-8"?>
<!-- Generated by org.testng.reporters.JUnitReportReporter -->
<testsuite ignored="0" hostname="Nonnas-MBP.domain" failures="0" tests="1" name="positiveTC.Footer" time="64.829" errors="0" timestamp="16 Jan 2019 23:31:50 GMT" skipped="0">
  <testcase classname="positiveTC.Footer" name="footer" time="64.829"/>
</testsuite> <!-- positiveTC.Footer -->
